<?xml version="1.0" encoding="UTF-8"?>
<!-- Generated by org.testng.reporters.JUnitReportReporter -->
<testsuite hostname="iDeliver1" name="com.pack.generic.TestReport" tests="1" failures="0" timestamp="18 Apr 2017 18:41:59 GMT" time="36.409" errors="0">
  <testcase name="Login" time="36.409" classname="com.pack.generic.TestReport"/>
</testsuite> <!-- com.pack.generic.TestReport -->
