<?xml version="1.0" encoding="UTF-8"?>
<!-- Generated by org.testng.reporters.JUnitReportReporter -->
<testsuite hostname="IDELIVER1" name="mainscript.script" tests="5" failures="0" timestamp="25 Sep 2019 14:42:15 GMT" time="36.909" errors="0">
  <testcase name="FindflightModule" time="7.270" classname="mainscript.script"/>
  <testcase name="LaunchApplicationModule" time="5.222" classname="mainscript.script"/>
  <testcase name="FromcityModule" time="9.671" classname="mainscript.script"/>
  <testcase name="EnterpassengerdetalModule" time="3.624" classname="mainscript.script"/>
  <testcase name="LoginModule" time="11.122" classname="mainscript.script"/>
</testsuite> <!-- mainscript.script -->
