<?xml version="1.0" encoding="UTF-8"?>
<!-- Generated by org.testng.reporters.JUnitReportReporter -->
<testsuite hostname="IDELIVER1" name="JenkinsDemo.JenkinsDemo" tests="1" failures="0" timestamp="17 Dec 2018 13:27:48 GMT" time="49.044" errors="1">
  <testcase name="testJenkins" time="49.044" classname="JenkinsDemo.JenkinsDemo">
    <error type="org.openqa.selenium.WebDriverException" message="Failed to connect to binary FirefoxBinary(C:\Program Files\Mozilla Firefox\firefox.exe) on port 7055; process output follows: 
@googlecode.com in app-profile
1545053230431	addons.xpi	INFO	Mapping activity-stream@mozilla.org to C:\Program Files\Mozilla Firefox\browser\features\activity-stream@mozilla.org.xpi
1545053230431	addons.xpi	INFO	Mapping aushelper@mozilla.org to C:\Program Files\Mozilla Firefox\browser\features\aushelper@mozilla.org.xpi
1545053230431	addons.xpi	INFO	Mapping clicktoplay-rollout@mozilla.org to C:\Program Files\Mozilla Firefox\browser\features\clicktoplay-rollout@mozilla.org.xpi
1545053230431	addons.xpi	INFO	Mapping e10srollout@mozilla.org to C:\Program Files\Mozilla Firefox\browser\features\e10srollout@mozilla.org.xpi
1545053230431	addons.xpi	INFO	Mapping firefox@getpocket.com to C:\Program Files\Mozilla Firefox\browser\features\firefox@getpocket.com.xpi
1545053230432	addons.xpi	INFO	Mapping followonsearch@mozilla.com to C:\Program Files\Mozilla Firefox\browser\features\followonsearch@mozilla.com.xpi
1545053230432	addons.xpi	INFO	Mapping formautofill@mozilla.org to C:\Program Files\Mozilla Firefox\browser\features\formautofill@mozilla.org.xpi
1545053230432	addons.xpi	INFO	Mapping onboarding@mozilla.org to C:\Program Files\Mozilla Firefox\browser\features\onboarding@mozilla.org.xpi
1545053230432	addons.xpi	INFO	Mapping screenshots@mozilla.org to C:\Program Files\Mozilla Firefox\browser\features\screenshots@mozilla.org.xpi
1545053230432	addons.xpi	INFO	Mapping shield-recipe-client@mozilla.org to C:\Program Files\Mozilla Firefox\browser\features\shield-recipe-client@mozilla.org.xpi
1545053230432	addons.xpi	INFO	Mapping webcompat@mozilla.org to C:\Program Files\Mozilla Firefox\browser\features\webcompat@mozilla.org.xpi
1545053230433	addons.xpi	DEBUG	Existing add-on activity-stream@mozilla.org in app-system-defaults
1545053230433	addons.xpi	DEBUG	Existing add-on aushelper@mozilla.org in app-system-defaults
1545053230433	addons.xpi	DEBUG	Existing add-on clicktoplay-rollout@mozilla.org in app-system-defaults
1545053230434	addons.xpi	DEBUG	Existing add-on e10srollout@mozilla.org in app-system-defaults
1545053230434	addons.xpi	DEBUG	Existing add-on firefox@getpocket.com in app-system-defaults
1545053230434	addons.xpi	DEBUG	Existing add-on followonsearch@mozilla.com in app-system-defaults
1545053230435	addons.xpi	DEBUG	Existing add-on formautofill@mozilla.org in app-system-defaults
1545053230435	addons.xpi	DEBUG	Existing add-on onboarding@mozilla.org in app-system-defaults
1545053230435	addons.xpi	DEBUG	Existing add-on screenshots@mozilla.org in app-system-defaults
1545053230435	addons.xpi	DEBUG	Existing add-on shield-recipe-client@mozilla.org in app-system-defaults
1545053230436	addons.xpi	DEBUG	Existing add-on webcompat@mozilla.org in app-system-defaults
1545053230436	addons.xpi	INFO	Mapping {972ce4c6-7e08-4474-a285-3208198ce6fd} to C:\Program Files\Mozilla Firefox\browser\extensions\{972ce4c6-7e08-4474-a285-3208198ce6fd}.xpi
1545053230437	addons.xpi	DEBUG	Existing add-on {972ce4c6-7e08-4474-a285-3208198ce6fd} in app-global
1545053230437	addons.xpi	DEBUG	Existing add-on FT.FirefoxAgent@microfocus.com in winreg-app-global
1545053230437	addons.xpi	DEBUG	Existing add-on {4ED1F68A-5463-4931-9384-8FFF5ED91D92} in winreg-app-global
1545053230437	addons.xpi	DEBUG	getInstallState changed: false, state: {}
1545053233087	DeferredSave.webext.sc.lz4	DEBUG	Starting write
1545053233303	DeferredSave.webext.sc.lz4	DEBUG	Write succeeded
1545053233391	addons.productaddons	INFO	sending request to: https://aus5.mozilla.org/update/3/GMP/56.0/20170926190823/WINNT_x86_64-msvc-x64/en-US/release/Windows_NT%206.1.1.0%20(x64)/default/default/update.xml
1545053235579	addons.productaddons	INFO	Completed downloading document
1545053236722	addons.productaddons	INFO	downloadXHR File download. status=200
1545053236911	addons.productaddons	INFO	Downloaded file will be saved to C:\Users\IDELIV~1\AppData\Local\Temp\tmpaddon-653f98
1545053239969	addons.productaddons	INFO	downloadXHR File download. status=200
1545053240434	addons.productaddons	INFO	Downloaded file will be saved to C:\Users\IDELIV~1\AppData\Local\Temp\tmpaddon-ff97b4

Build info: version: &#039;2.53.1&#039;, revision: &#039;a36b8b1&#039;, time: &#039;2016-06-30 17:32:46&#039;
System info: host: &#039;IDELIVER1&#039;, ip: &#039;192.168.1.6&#039;, os.name: &#039;Windows 7&#039;, os.arch: &#039;amd64&#039;, os.version: &#039;6.1&#039;, java.version: &#039;1.8.0_171&#039;
Driver info: driver.version: FirefoxDriver">
      <![CDATA[org.openqa.selenium.WebDriverException: Failed to connect to binary FirefoxBinary(C:\Program Files\Mozilla Firefox\firefox.exe) on port 7055; process output follows: 
@googlecode.com in app-profile
1545053230431	addons.xpi	INFO	Mapping activity-stream@mozilla.org to C:\Program Files\Mozilla Firefox\browser\features\activity-stream@mozilla.org.xpi
1545053230431	addons.xpi	INFO	Mapping aushelper@mozilla.org to C:\Program Files\Mozilla Firefox\browser\features\aushelper@mozilla.org.xpi
1545053230431	addons.xpi	INFO	Mapping clicktoplay-rollout@mozilla.org to C:\Program Files\Mozilla Firefox\browser\features\clicktoplay-rollout@mozilla.org.xpi
1545053230431	addons.xpi	INFO	Mapping e10srollout@mozilla.org to C:\Program Files\Mozilla Firefox\browser\features\e10srollout@mozilla.org.xpi
1545053230431	addons.xpi	INFO	Mapping firefox@getpocket.com to C:\Program Files\Mozilla Firefox\browser\features\firefox@getpocket.com.xpi
1545053230432	addons.xpi	INFO	Mapping followonsearch@mozilla.com to C:\Program Files\Mozilla Firefox\browser\features\followonsearch@mozilla.com.xpi
1545053230432	addons.xpi	INFO	Mapping formautofill@mozilla.org to C:\Program Files\Mozilla Firefox\browser\features\formautofill@mozilla.org.xpi
1545053230432	addons.xpi	INFO	Mapping onboarding@mozilla.org to C:\Program Files\Mozilla Firefox\browser\features\onboarding@mozilla.org.xpi
1545053230432	addons.xpi	INFO	Mapping screenshots@mozilla.org to C:\Program Files\Mozilla Firefox\browser\features\screenshots@mozilla.org.xpi
1545053230432	addons.xpi	INFO	Mapping shield-recipe-client@mozilla.org to C:\Program Files\Mozilla Firefox\browser\features\shield-recipe-client@mozilla.org.xpi
1545053230432	addons.xpi	INFO	Mapping webcompat@mozilla.org to C:\Program Files\Mozilla Firefox\browser\features\webcompat@mozilla.org.xpi
1545053230433	addons.xpi	DEBUG	Existing add-on activity-stream@mozilla.org in app-system-defaults
1545053230433	addons.xpi	DEBUG	Existing add-on aushelper@mozilla.org in app-system-defaults
1545053230433	addons.xpi	DEBUG	Existing add-on clicktoplay-rollout@mozilla.org in app-system-defaults
1545053230434	addons.xpi	DEBUG	Existing add-on e10srollout@mozilla.org in app-system-defaults
1545053230434	addons.xpi	DEBUG	Existing add-on firefox@getpocket.com in app-system-defaults
1545053230434	addons.xpi	DEBUG	Existing add-on followonsearch@mozilla.com in app-system-defaults
1545053230435	addons.xpi	DEBUG	Existing add-on formautofill@mozilla.org in app-system-defaults
1545053230435	addons.xpi	DEBUG	Existing add-on onboarding@mozilla.org in app-system-defaults
1545053230435	addons.xpi	DEBUG	Existing add-on screenshots@mozilla.org in app-system-defaults
1545053230435	addons.xpi	DEBUG	Existing add-on shield-recipe-client@mozilla.org in app-system-defaults
1545053230436	addons.xpi	DEBUG	Existing add-on webcompat@mozilla.org in app-system-defaults
1545053230436	addons.xpi	INFO	Mapping {972ce4c6-7e08-4474-a285-3208198ce6fd} to C:\Program Files\Mozilla Firefox\browser\extensions\{972ce4c6-7e08-4474-a285-3208198ce6fd}.xpi
1545053230437	addons.xpi	DEBUG	Existing add-on {972ce4c6-7e08-4474-a285-3208198ce6fd} in app-global
1545053230437	addons.xpi	DEBUG	Existing add-on FT.FirefoxAgent@microfocus.com in winreg-app-global
1545053230437	addons.xpi	DEBUG	Existing add-on {4ED1F68A-5463-4931-9384-8FFF5ED91D92} in winreg-app-global
1545053230437	addons.xpi	DEBUG	getInstallState changed: false, state: {}
1545053233087	DeferredSave.webext.sc.lz4	DEBUG	Starting write
1545053233303	DeferredSave.webext.sc.lz4	DEBUG	Write succeeded
1545053233391	addons.productaddons	INFO	sending request to: https://aus5.mozilla.org/update/3/GMP/56.0/20170926190823/WINNT_x86_64-msvc-x64/en-US/release/Windows_NT%206.1.1.0%20(x64)/default/default/update.xml
1545053235579	addons.productaddons	INFO	Completed downloading document
1545053236722	addons.productaddons	INFO	downloadXHR File download. status=200
1545053236911	addons.productaddons	INFO	Downloaded file will be saved to C:\Users\IDELIV~1\AppData\Local\Temp\tmpaddon-653f98
1545053239969	addons.productaddons	INFO	downloadXHR File download. status=200
1545053240434	addons.productaddons	INFO	Downloaded file will be saved to C:\Users\IDELIV~1\AppData\Local\Temp\tmpaddon-ff97b4

Build info: version: '2.53.1', revision: 'a36b8b1', time: '2016-06-30 17:32:46'
System info: host: 'IDELIVER1', ip: '192.168.1.6', os.name: 'Windows 7', os.arch: 'amd64', os.version: '6.1', java.version: '1.8.0_171'
Driver info: driver.version: FirefoxDriver
	at org.openqa.selenium.firefox.internal.NewProfileExtensionConnection.start(NewProfileExtensionConnection.java:124)
	at org.openqa.selenium.firefox.FirefoxDriver.startClient(FirefoxDriver.java:271)
	at org.openqa.selenium.remote.RemoteWebDriver.<init>(RemoteWebDriver.java:119)
	at org.openqa.selenium.firefox.FirefoxDriver.<init>(FirefoxDriver.java:218)
	at org.openqa.selenium.firefox.FirefoxDriver.<init>(FirefoxDriver.java:211)
	at org.openqa.selenium.firefox.FirefoxDriver.<init>(FirefoxDriver.java:207)
	at org.openqa.selenium.firefox.FirefoxDriver.<init>(FirefoxDriver.java:120)
	at JenkinsDemo.JenkinsDemo.testJenkins(JenkinsDemo.java:17)
	at sun.reflect.NativeMethodAccessorImpl.invoke0(Native Method)
	at sun.reflect.NativeMethodAccessorImpl.invoke(Unknown Source)
	at sun.reflect.DelegatingMethodAccessorImpl.invoke(Unknown Source)
	at java.lang.reflect.Method.invoke(Unknown Source)
	at org.testng.internal.MethodInvocationHelper.invokeMethod(MethodInvocationHelper.java:85)
	at org.testng.internal.Invoker.invokeMethod(Invoker.java:639)
	at org.testng.internal.Invoker.invokeTestMethod(Invoker.java:816)
	at org.testng.internal.Invoker.invokeTestMethods(Invoker.java:1124)
	at org.testng.internal.TestMethodWorker.invokeTestMethods(TestMethodWorker.java:125)
	at org.testng.internal.TestMethodWorker.run(TestMethodWorker.java:108)
	at org.testng.TestRunner.privateRun(TestRunner.java:774)
	at org.testng.TestRunner.run(TestRunner.java:624)
	at org.testng.SuiteRunner.runTest(SuiteRunner.java:359)
	at org.testng.SuiteRunner.runSequentially(SuiteRunner.java:354)
	at org.testng.SuiteRunner.privateRun(SuiteRunner.java:312)
	at org.testng.SuiteRunner.run(SuiteRunner.java:261)
	at org.testng.SuiteRunnerWorker.runSuite(SuiteRunnerWorker.java:52)
	at org.testng.SuiteRunnerWorker.run(SuiteRunnerWorker.java:86)
	at org.testng.TestNG.runSuitesSequentially(TestNG.java:1215)
	at org.testng.TestNG.runSuitesLocally(TestNG.java:1140)
	at org.testng.TestNG.run(TestNG.java:1048)
	at org.testng.remote.AbstractRemoteTestNG.run(AbstractRemoteTestNG.java:126)
	at org.testng.remote.RemoteTestNG.initAndRun(RemoteTestNG.java:152)
	at org.testng.remote.RemoteTestNG.main(RemoteTestNG.java:57)
Caused by: org.openqa.selenium.firefox.NotConnectedException: Unable to connect to host 127.0.0.1 on port 7055 after 45000 ms. Firefox console output:
@googlecode.com in app-profile
1545053230431	addons.xpi	INFO	Mapping activity-stream@mozilla.org to C:\Program Files\Mozilla Firefox\browser\features\activity-stream@mozilla.org.xpi
1545053230431	addons.xpi	INFO	Mapping aushelper@mozilla.org to C:\Program Files\Mozilla Firefox\browser\features\aushelper@mozilla.org.xpi
1545053230431	addons.xpi	INFO	Mapping clicktoplay-rollout@mozilla.org to C:\Program Files\Mozilla Firefox\browser\features\clicktoplay-rollout@mozilla.org.xpi
1545053230431	addons.xpi	INFO	Mapping e10srollout@mozilla.org to C:\Program Files\Mozilla Firefox\browser\features\e10srollout@mozilla.org.xpi
1545053230431	addons.xpi	INFO	Mapping firefox@getpocket.com to C:\Program Files\Mozilla Firefox\browser\features\firefox@getpocket.com.xpi
1545053230432	addons.xpi	INFO	Mapping followonsearch@mozilla.com to C:\Program Files\Mozilla Firefox\browser\features\followonsearch@mozilla.com.xpi
1545053230432	addons.xpi	INFO	Mapping formautofill@mozilla.org to C:\Program Files\Mozilla Firefox\browser\features\formautofill@mozilla.org.xpi
1545053230432	addons.xpi	INFO	Mapping onboarding@mozilla.org to C:\Program Files\Mozilla Firefox\browser\features\onboarding@mozilla.org.xpi
1545053230432	addons.xpi	INFO	Mapping screenshots@mozilla.org to C:\Program Files\Mozilla Firefox\browser\features\screenshots@mozilla.org.xpi
1545053230432	addons.xpi	INFO	Mapping shield-recipe-client@mozilla.org to C:\Program Files\Mozilla Firefox\browser\features\shield-recipe-client@mozilla.org.xpi
1545053230432	addons.xpi	INFO	Mapping webcompat@mozilla.org to C:\Program Files\Mozilla Firefox\browser\features\webcompat@mozilla.org.xpi
1545053230433	addons.xpi	DEBUG	Existing add-on activity-stream@mozilla.org in app-system-defaults
1545053230433	addons.xpi	DEBUG	Existing add-on aushelper@mozilla.org in app-system-defaults
1545053230433	addons.xpi	DEBUG	Existing add-on clicktoplay-rollout@mozilla.org in app-system-defaults
1545053230434	addons.xpi	DEBUG	Existing add-on e10srollout@mozilla.org in app-system-defaults
1545053230434	addons.xpi	DEBUG	Existing add-on firefox@getpocket.com in app-system-defaults
1545053230434	addons.xpi	DEBUG	Existing add-on followonsearch@mozilla.com in app-system-defaults
1545053230435	addons.xpi	DEBUG	Existing add-on formautofill@mozilla.org in app-system-defaults
1545053230435	addons.xpi	DEBUG	Existing add-on onboarding@mozilla.org in app-system-defaults
1545053230435	addons.xpi	DEBUG	Existing add-on screenshots@mozilla.org in app-system-defaults
1545053230435	addons.xpi	DEBUG	Existing add-on shield-recipe-client@mozilla.org in app-system-defaults
1545053230436	addons.xpi	DEBUG	Existing add-on webcompat@mozilla.org in app-system-defaults
1545053230436	addons.xpi	INFO	Mapping {972ce4c6-7e08-4474-a285-3208198ce6fd} to C:\Program Files\Mozilla Firefox\browser\extensions\{972ce4c6-7e08-4474-a285-3208198ce6fd}.xpi
1545053230437	addons.xpi	DEBUG	Existing add-on {972ce4c6-7e08-4474-a285-3208198ce6fd} in app-global
1545053230437	addons.xpi	DEBUG	Existing add-on FT.FirefoxAgent@microfocus.com in winreg-app-global
1545053230437	addons.xpi	DEBUG	Existing add-on {4ED1F68A-5463-4931-9384-8FFF5ED91D92} in winreg-app-global
1545053230437	addons.xpi	DEBUG	getInstallState changed: false, state: {}
1545053233087	DeferredSave.webext.sc.lz4	DEBUG	Starting write
1545053233303	DeferredSave.webext.sc.lz4	DEBUG	Write succeeded
1545053233391	addons.productaddons	INFO	sending request to: https://aus5.mozilla.org/update/3/GMP/56.0/20170926190823/WINNT_x86_64-msvc-x64/en-US/release/Windows_NT%206.1.1.0%20(x64)/default/default/update.xml
1545053235579	addons.productaddons	INFO	Completed downloading document
1545053236722	addons.productaddons	INFO	downloadXHR File download. status=200
1545053236911	addons.productaddons	INFO	Downloaded file will be saved to C:\Users\IDELIV~1\AppData\Local\Temp\tmpaddon-653f98
1545053239969	addons.productaddons	INFO	downloadXHR File download. status=200
1545053240434	addons.productaddons	INFO	Downloaded file will be saved to C:\Users\IDELIV~1\AppData\Local\Temp\tmpaddon-ff97b4

	at org.openqa.selenium.firefox.internal.NewProfileExtensionConnection.start(NewProfileExtensionConnection.java:112)
	... 31 more
]]>
    </error>
  </testcase> <!-- testJenkins -->
</testsuite> <!-- JenkinsDemo.JenkinsDemo -->
