<?xml version="1.0" encoding="UTF-8"?>
<!-- Generated by org.testng.reporters.JUnitReportReporter -->
<testsuite hostname="IDELIVER1" name="pack.selenium.SampleTestNgTest" tests="4" failures="0" timestamp="23 Sep 2019 17:00:17 GMT" time="0.014" errors="0">
  <testcase name="methodTest3" time="0.007" classname="pack.selenium.SampleTestNgTest"/>
  <testcase name="methodTest1" time="0.003" classname="pack.selenium.SampleTestNgTest"/>
  <testcase name="methodTest4" time="0.002" classname="pack.selenium.SampleTestNgTest"/>
  <testcase name="methodTest2" time="0.002" classname="pack.selenium.SampleTestNgTest"/>
</testsuite> <!-- pack.selenium.SampleTestNgTest -->
